# JRE version: OpenJDK Runtime Environment Temurin-21.0.11+10 (21.0.11+10) (build 21.0.11+10-LTS)
# Java VM: OpenJDK 64-Bit Server VM Temurin-21.0.11+10 (21.0.11+10-LTS, mixed mode, sharing, tiered, compressed oops, compressed class ptrs, parallel gc, windows-amd64)
GC Precious Log:
 CardTable entry size: 512
 CPUs: 20 total, 20 available
 Memory: 16072M
 Large Page Support: Disabled
 NUMA Support: Disabled
 Compressed Oops: Enabled (32-bit)
 Alignments: Space 512K, Generation 512K, Heap 2M
 Heap Min Capacity: 100M
 Heap Initial Capacity: 100M
 Heap Max Capacity: 2G
 Pre-touch: Disabled
 Parallel Workers: 15
Heap:
 PSYoungGen      total 12800K, used 1104K [0x00000000d5580000, 0x00000000d6380000, 0x0000000100000000)
  eden space 12288K, 4% used [0x00000000d5580000,0x00000000d5618208,0x00000000d6180000)
  from space 512K, 96% used [0x00000000d6200000,0x00000000d627c010,0x00000000d6280000)
  to   space 1024K, 0% used [0x00000000d6280000,0x00000000d6280000,0x00000000d6380000)
 ParOldGen       total 88064K, used 87858K [0x0000000080000000, 0x0000000085600000, 0x00000000d5580000)
  object space 88064K, 99% used [0x0000000080000000,0x00000000855ccb30,0x0000000085600000)
 Metaspace       used 57811K, committed 59200K, reserved 1114112K
  class space    used 6159K, committed 6784K, reserved 1048576K
GC Heap History (20 events):
Event: 9.267 GC heap before
{Heap before GC invocations=83 (full 2):
 PSYoungGen      total 12800K, used 12768K [0x00000000d5580000, 0x00000000d6480000, 0x0000000100000000)
  eden space 12288K, 100% used [0x00000000d5580000,0x00000000d6180000,0x00000000d6180000)
  from space 512K, 93% used [0x00000000d6400000,0x00000000d6478000,0x00000000d6480000)
  to   space 1024K, 0% used [0x00000000d6280000,0x00000000d6280000,0x00000000d6380000)
 ParOldGen       total 86016K, used 85831K [0x0000000080000000, 0x0000000085400000, 0x00000000d5580000)
  object space 86016K, 99% used [0x0000000080000000,0x00000000853d1df0,0x0000000085400000)
 Metaspace       used 56193K, committed 57600K, reserved 1114112K
  class space    used 5952K, committed 6592K, reserved 1048576K
}
Event: 9.267 GC heap after
{Heap after GC invocations=83 (full 2):
 PSYoungGen      total 13312K, used 800K [0x00000000d5580000, 0x00000000d6480000, 0x0000000100000000)
  eden space 12288K, 0% used [0x00000000d5580000,0x00000000d5580000,0x00000000d6180000)
  from space 1024K, 78% used [0x00000000d6280000,0x00000000d6348170,0x00000000d6380000)
  to   space 1024K, 0% used [0x00000000d6380000,0x00000000d6380000,0x00000000d6480000)
 ParOldGen       total 86016K, used 85927K [0x0000000080000000, 0x0000000085400000, 0x00000000d5580000)
  object space 86016K, 99% used [0x0000000080000000,0x00000000853e9cc0,0x0000000085400000)
 Metaspace       used 56193K, committed 57600K, reserved 1114112K
  class space    used 5952K, committed 6592K, reserved 1048576K
}
Event: 9.279 GC heap before
{Heap before GC invocations=84 (full 2):
 PSYoungGen      total 13312K, used 13088K [0x00000000d5580000, 0x00000000d6480000, 0x0000000100000000)
  eden space 12288K, 100% used [0x00000000d5580000,0x00000000d6180000,0x00000000d6180000)
  from space 1024K, 78% used [0x00000000d6280000,0x00000000d6348170,0x00000000d6380000)
  to   space 1024K, 0% used [0x00000000d6380000,0x00000000d6380000,0x00000000d6480000)
 ParOldGen       total 86016K, used 85927K [0x0000000080000000, 0x0000000085400000, 0x00000000d5580000)
  object space 86016K, 99% used [0x0000000080000000,0x00000000853e9cc0,0x0000000085400000)
 Metaspace       used 56347K, committed 57728K, reserved 1114112K
  class space    used 5971K, committed 6592K, reserved 1048576K
}
Event: 9.280 GC heap after
{Heap after GC invocations=84 (full 2):
 PSYoungGen      total 13312K, used 530K [0x00000000d5580000, 0x00000000d6480000, 0x0000000100000000)
  eden space 12288K, 0% used [0x00000000d5580000,0x00000000d5580000,0x00000000d6180000)
  from space 1024K, 51% used [0x00000000d6380000,0x00000000d6404bb8,0x00000000d6480000)
  to   space 1024K, 0% used [0x00000000d6280000,0x00000000d6280000,0x00000000d6380000)
 ParOldGen       total 86528K, used 86127K [0x0000000080000000, 0x0000000085480000, 0x00000000d5580000)
  object space 86528K, 99% used [0x0000000080000000,0x000000008541bcc0,0x0000000085480000)
 Metaspace       used 56347K, committed 57728K, reserved 1114112K
  class space    used 5971K, committed 6592K, reserved 1048576K
}
Event: 9.291 GC heap before
{Heap before GC invocations=85 (full 2):
 PSYoungGen      total 13312K, used 12818K [0x00000000d5580000, 0x00000000d6480000, 0x0000000100000000)
  eden space 12288K, 100% used [0x00000000d5580000,0x00000000d6180000,0x00000000d6180000)
  from space 1024K, 51% used [0x00000000d6380000,0x00000000d6404bb8,0x00000000d6480000)
  to   space 1024K, 0% used [0x00000000d6280000,0x00000000d6280000,0x00000000d6380000)
 ParOldGen       total 86528K, used 86127K [0x0000000080000000, 0x0000000085480000, 0x00000000d5580000)
  object space 86528K, 99% used [0x0000000080000000,0x000000008541bcc0,0x0000000085480000)
 Metaspace       used 56551K, committed 57984K, reserved 1114112K
  class space    used 6003K, committed 6656K, reserved 1048576K
}
Event: 9.291 GC heap after
{Heap after GC invocations=85 (full 2):
 PSYoungGen      total 13312K, used 448K [0x00000000d5580000, 0x00000000d6400000, 0x0000000100000000)
  eden space 12288K, 0% used [0x00000000d5580000,0x00000000d5580000,0x00000000d6180000)
  from space 1024K, 43% used [0x00000000d6280000,0x00000000d62f0000,0x00000000d6380000)
  to   space 512K, 0% used [0x00000000d6380000,0x00000000d6380000,0x00000000d6400000)
 ParOldGen       total 86528K, used 86385K [0x0000000080000000, 0x0000000085480000, 0x00000000d5580000)
  object space 86528K, 99% used [0x0000000080000000,0x000000008545c590,0x0000000085480000)
 Metaspace       used 56551K, committed 57984K, reserved 1114112K
  class space    used 6003K, committed 6656K, reserved 1048576K
}
Event: 9.301 GC heap before
{Heap before GC invocations=86 (full 2):
 PSYoungGen      total 13312K, used 12720K [0x00000000d5580000, 0x00000000d6400000, 0x0000000100000000)
  eden space 12288K, 99% used [0x00000000d5580000,0x00000000d617c370,0x00000000d6180000)
  from space 1024K, 43% used [0x00000000d6280000,0x00000000d62f0000,0x00000000d6380000)
  to   space 512K, 0% used [0x00000000d6380000,0x00000000d6380000,0x00000000d6400000)
 ParOldGen       total 86528K, used 86385K [0x0000000080000000, 0x0000000085480000, 0x00000000d5580000)
  object space 86528K, 99% used [0x0000000080000000,0x000000008545c590,0x0000000085480000)
 Metaspace       used 56748K, committed 58176K, reserved 1114112K
  class space    used 6039K, committed 6720K, reserved 1048576K
}
Event: 9.302 GC heap after
{Heap after GC invocations=86 (full 2):
 PSYoungGen      total 12800K, used 484K [0x00000000d5580000, 0x00000000d6400000, 0x0000000100000000)
  eden space 12288K, 0% used [0x00000000d5580000,0x00000000d5580000,0x00000000d6180000)
  from space 512K, 94% used [0x00000000d6380000,0x00000000d63f9210,0x00000000d6400000)
  to   space 1024K, 0% used [0x00000000d6200000,0x00000000d6200000,0x00000000d6300000)
 ParOldGen       total 87040K, used 86673K [0x0000000080000000, 0x0000000085500000, 0x00000000d5580000)
  object space 87040K, 99% used [0x0000000080000000,0x00000000854a4590,0x0000000085500000)
 Metaspace       used 56748K, committed 58176K, reserved 1114112K
  class space    used 6039K, committed 6720K, reserved 1048576K
}
Event: 9.311 GC heap before
{Heap before GC invocations=87 (full 2):
 PSYoungGen      total 12800K, used 12772K [0x00000000d5580000, 0x00000000d6400000, 0x0000000100000000)
  eden space 12288K, 100% used [0x00000000d5580000,0x00000000d6180000,0x00000000d6180000)
  from space 512K, 94% used [0x00000000d6380000,0x00000000d63f9210,0x00000000d6400000)
  to   space 1024K, 0% used [0x00000000d6200000,0x00000000d6200000,0x00000000d6300000)
 ParOldGen       total 87040K, used 86673K [0x0000000080000000, 0x0000000085500000, 0x00000000d5580000)
  object space 87040K, 99% used [0x0000000080000000,0x00000000854a4590,0x0000000085500000)
 Metaspace       used 56864K, committed 58304K, reserved 1114112K
  class space    used 6046K, committed 6720K, reserved 1048576K
}
Event: 9.311 GC heap after
{Heap after GC invocations=87 (full 2):
 PSYoungGen      total 13312K, used 584K [0x00000000d5580000, 0x00000000d6400000, 0x0000000100000000)
  eden space 12288K, 0% used [0x00000000d5580000,0x00000000d5580000,0x00000000d6180000)
  from space 1024K, 57% used [0x00000000d6200000,0x00000000d6292028,0x00000000d6300000)
  to   space 1024K, 0% used [0x00000000d6300000,0x00000000d6300000,0x00000000d6400000)
 ParOldGen       total 87040K, used 86880K [0x0000000080000000, 0x0000000085500000, 0x00000000d5580000)
  object space 87040K, 99% used [0x0000000080000000,0x00000000854d8290,0x0000000085500000)
 Metaspace       used 56864K, committed 58304K, reserved 1114112K
  class space    used 6046K, committed 6720K, reserved 1048576K
}
Event: 9.321 GC heap before
{Heap before GC invocations=88 (full 2):
 PSYoungGen      total 13312K, used 12872K [0x00000000d5580000, 0x00000000d6400000, 0x0000000100000000)
  eden space 12288K, 100% used [0x00000000d5580000,0x00000000d6180000,0x00000000d6180000)
  from space 1024K, 57% used [0x00000000d6200000,0x00000000d6292028,0x00000000d6300000)
  to   space 1024K, 0% used [0x00000000d6300000,0x00000000d6300000,0x00000000d6400000)
 ParOldGen       total 87040K, used 86880K [0x0000000080000000, 0x0000000085500000, 0x00000000d5580000)
  object space 87040K, 99% used [0x0000000080000000,0x00000000854d8290,0x0000000085500000)
 Metaspace       used 56884K, committed 58304K, reserved 1114112K
  class space    used 6047K, committed 6720K, reserved 1048576K
}
Event: 9.321 GC heap after
{Heap after GC invocations=88 (full 2):
 PSYoungGen      total 13312K, used 626K [0x00000000d5580000, 0x00000000d6400000, 0x0000000100000000)
  eden space 12288K, 0% used [0x00000000d5580000,0x00000000d5580000,0x00000000d6180000)
  from space 1024K, 61% used [0x00000000d6300000,0x00000000d639cb18,0x00000000d6400000)
  to   space 1024K, 0% used [0x00000000d6200000,0x00000000d6200000,0x00000000d6300000)
 ParOldGen       total 87552K, used 87082K [0x0000000080000000, 0x0000000085580000, 0x00000000d5580000)
  object space 87552K, 99% used [0x0000000080000000,0x000000008550aa08,0x0000000085580000)
 Metaspace       used 56884K, committed 58304K, reserved 1114112K
  class space    used 6047K, committed 6720K, reserved 1048576K
}
Event: 9.336 GC heap before
{Heap before GC invocations=89 (full 2):
 PSYoungGen      total 13312K, used 12914K [0x00000000d5580000, 0x00000000d6400000, 0x0000000100000000)
  eden space 12288K, 100% used [0x00000000d5580000,0x00000000d6180000,0x00000000d6180000)
  from space 1024K, 61% used [0x00000000d6300000,0x00000000d639cb18,0x00000000d6400000)
  to   space 1024K, 0% used [0x00000000d6200000,0x00000000d6200000,0x00000000d6300000)
 ParOldGen       total 87552K, used 87082K [0x0000000080000000, 0x0000000085580000, 0x00000000d5580000)
  object space 87552K, 99% used [0x0000000080000000,0x000000008550aa08,0x0000000085580000)
 Metaspace       used 57018K, committed 58432K, reserved 1114112K
  class space    used 6052K, committed 6720K, reserved 1048576K
}
Event: 9.337 GC heap after
{Heap after GC invocations=89 (full 2):
 PSYoungGen      total 12800K, used 448K [0x00000000d5580000, 0x00000000d6380000, 0x0000000100000000)
  eden space 12288K, 0% used [0x00000000d5580000,0x00000000d5580000,0x00000000d6180000)
  from space 512K, 87% used [0x00000000d6200000,0x00000000d6270000,0x00000000d6280000)
  to   space 1024K, 0% used [0x00000000d6280000,0x00000000d6280000,0x00000000d6380000)
 ParOldGen       total 87552K, used 87339K [0x0000000080000000, 0x0000000085580000, 0x00000000d5580000)
  object space 87552K, 99% used [0x0000000080000000,0x000000008554afb8,0x0000000085580000)
 Metaspace       used 57018K, committed 58432K, reserved 1114112K
  class space    used 6052K, committed 6720K, reserved 1048576K
}
Event: 9.348 GC heap before
{Heap before GC invocations=90 (full 2):
 PSYoungGen      total 12800K, used 12736K [0x00000000d5580000, 0x00000000d6380000, 0x0000000100000000)
  eden space 12288K, 100% used [0x00000000d5580000,0x00000000d6180000,0x00000000d6180000)
  from space 512K, 87% used [0x00000000d6200000,0x00000000d6270000,0x00000000d6280000)
  to   space 1024K, 0% used [0x00000000d6280000,0x00000000d6280000,0x00000000d6380000)
 ParOldGen       total 87552K, used 87339K [0x0000000080000000, 0x0000000085580000, 0x00000000d5580000)
  object space 87552K, 99% used [0x0000000080000000,0x000000008554afb8,0x0000000085580000)
 Metaspace       used 57097K, committed 58496K, reserved 1114112K
  class space    used 6072K, committed 6720K, reserved 1048576K
}
Event: 9.349 GC heap after
{Heap after GC invocations=90 (full 2):
 PSYoungGen      total 12800K, used 480K [0x00000000d5580000, 0x00000000d6300000, 0x0000000100000000)
  eden space 12288K, 0% used [0x00000000d5580000,0x00000000d5580000,0x00000000d6180000)
  from space 512K, 93% used [0x00000000d6280000,0x00000000d62f8000,0x00000000d6300000)
  to   space 512K, 0% used [0x00000000d6200000,0x00000000d6200000,0x00000000d6280000)
 ParOldGen       total 87552K, used 87475K [0x0000000080000000, 0x0000000085580000, 0x00000000d5580000)
  object space 87552K, 99% used [0x0000000080000000,0x000000008556cfb8,0x0000000085580000)
 Metaspace       used 57097K, committed 58496K, reserved 1114112K
  class space    used 6072K, committed 6720K, reserved 1048576K
}
Event: 9.356 GC heap before
{Heap before GC invocations=91 (full 2):
 PSYoungGen      total 12800K, used 12768K [0x00000000d5580000, 0x00000000d6300000, 0x0000000100000000)
  eden space 12288K, 100% used [0x00000000d5580000,0x00000000d6180000,0x00000000d6180000)
  from space 512K, 93% used [0x00000000d6280000,0x00000000d62f8000,0x00000000d6300000)
  to   space 512K, 0% used [0x00000000d6200000,0x00000000d6200000,0x00000000d6280000)
 ParOldGen       total 87552K, used 87475K [0x0000000080000000, 0x0000000085580000, 0x00000000d5580000)
  object space 87552K, 99% used [0x0000000080000000,0x000000008556cfb8,0x0000000085580000)
 Metaspace       used 57181K, committed 58560K, reserved 1114112K
  class space    used 6082K, committed 6720K, reserved 1048576K
}
Event: 9.357 GC heap after
{Heap after GC invocations=91 (full 2):
 PSYoungGen      total 12800K, used 480K [0x00000000d5580000, 0x00000000d6300000, 0x0000000100000000)
  eden space 12288K, 0% used [0x00000000d5580000,0x00000000d5580000,0x00000000d6180000)
  from space 512K, 93% used [0x00000000d6200000,0x00000000d6278000,0x00000000d6280000)
  to   space 512K, 0% used [0x00000000d6280000,0x00000000d6280000,0x00000000d6300000)
 ParOldGen       total 88064K, used 87579K [0x0000000080000000, 0x0000000085600000, 0x00000000d5580000)
  object space 88064K, 99% used [0x0000000080000000,0x0000000085586fb8,0x0000000085600000)
 Metaspace       used 57181K, committed 58560K, reserved 1114112K
  class space    used 6082K, committed 6720K, reserved 1048576K
}
Event: 9.367 GC heap before
{Heap before GC invocations=92 (full 2):
 PSYoungGen      total 12800K, used 12768K [0x00000000d5580000, 0x00000000d6300000, 0x0000000100000000)
  eden space 12288K, 100% used [0x00000000d5580000,0x00000000d6180000,0x00000000d6180000)
  from space 512K, 93% used [0x00000000d6200000,0x00000000d6278000,0x00000000d6280000)
  to   space 512K, 0% used [0x00000000d6280000,0x00000000d6280000,0x00000000d6300000)
 ParOldGen       total 88064K, used 87579K [0x0000000080000000, 0x0000000085600000, 0x00000000d5580000)
  object space 88064K, 99% used [0x0000000080000000,0x0000000085586fb8,0x0000000085600000)
 Metaspace       used 57331K, committed 58688K, reserved 1114112K
  class space    used 6099K, committed 6720K, reserved 1048576K
}
Event: 9.367 GC heap after
{Heap after GC invocations=92 (full 2):
 PSYoungGen      total 12800K, used 448K [0x00000000d5580000, 0x00000000d6300000, 0x0000000100000000)
  eden space 12288K, 0% used [0x00000000d5580000,0x00000000d5580000,0x00000000d6180000)
  from space 512K, 87% used [0x00000000d6280000,0x00000000d62f0000,0x00000000d6300000)
  to   space 512K, 0% used [0x00000000d6200000,0x00000000d6200000,0x00000000d6280000)
 ParOldGen       total 88064K, used 87691K [0x0000000080000000, 0x0000000085600000, 0x00000000d5580000)
  object space 88064K, 99% used [0x0000000080000000,0x00000000855a2fb8,0x0000000085600000)
 Metaspace       used 57331K, committed 58688K, reserved 1114112K
  class space    used 6099K, committed 6720K, reserved 1048576K
}

